<?xml version="1.0" encoding="UTF-8"?>
<testsuite xmlns:xsi="http://www.w3.org/2001/XMLSchema-instance" xsi:noNamespaceSchemaLocation="https://maven.apache.org/surefire/maven-surefire-plugin/xsd/surefire-test-report-3.0.xsd" version="3.0" name="com.example.nginx_server_1.NginxServer1ApplicationTests" time="4.161" tests="1" errors="0" skipped="0" failures="0">
  <properties>
[...]
</properties>
  <testcase name="contextLoads" classname="com.example.nginx_server_1.NginxServer1ApplicationTests" time="1.359">
    <system-out><![CDATA[23:32:28.835 [main] INFO org.springframework.test.context.support.AnnotationConfigContextLoaderUtils -- Could not detect default configuration classes for test class [com.example.nginx_server_1.NginxServer1ApplicationTests]: NginxServer1ApplicationTests does not declare any static, non-private, non-final, nested classes annotated with @Configuration.
23:32:29.018 [main] INFO org.springframework.boot.test.context.SpringBootTestContextBootstrapper -- Found @SpringBootConfiguration com.example.nginx_server_1.NginxServer1Application for test class com.example.nginx_server_1.NginxServer1ApplicationTests
23:32:29.268 [main] INFO org.springframework.boot.devtools.restart.RestartApplicationListener -- Restart disabled due to context in which it is running

  .   ____          _            __ _ _
 /\\ / ___'_ __ _ _(_)_ __  __ _ \ \ \ \
( ( )\___ | '_ | '_| | '_ \/ _` | \ \ \ \
 \\/  ___)| |_)| | | | | || (_| |  ) ) ) )
  '  |____| .__|_| |_|_| |_\__, | / / / /
 =========|_|==============|___/=/_/_/_/

 :: Spring Boot ::                (v3.3.5)

2024-10-30T23:32:29.662+05:30  INFO 41964 --- [nginx-server-1] [           main] c.e.n.NginxServer1ApplicationTests       : Starting NginxServer1ApplicationTests using Java 17.0.11 with PID 41964 (started by Adiraamruta in D:\DSA Projects\System Design\Nginx\nginx-server-1)
2024-10-30T23:32:29.664+05:30  INFO 41964 --- [nginx-server-1] [           main] c.e.n.NginxServer1ApplicationTests       : No active profile set, falling back to 1 default profile: "default"
2024-10-30T23:32:31.320+05:30  INFO 41964 --- [nginx-server-1] [           main] c.e.n.NginxServer1ApplicationTests       : Started NginxServer1ApplicationTests in 2.074 seconds (process running for 3.773)
]]></system-out>
  </testcase>
</testsuite>